2026-07-01 04:49:21,685 [INFO] ============================================================
2026-07-01 04:49:21,685 [INFO] Security job scan started — Hyderabad edition
2026-07-01 04:49:21,685 [INFO] Checking Google (HYD) [own]...
2026-07-01 04:49:29,537 [INFO] Checking Microsoft (HYD) [own]...
2026-07-01 04:49:40,034 [INFO] Checking Meta (HYD) [own]...
2026-07-01 04:49:48,549 [INFO] Checking Apple (HYD) [own]...
2026-07-01 04:49:55,866 [INFO] Checking Amazon (HYD) [own]...
2026-07-01 04:50:04,095 [INFO] Checking GitHub (GLOBAL) [own]...
2026-07-01 04:50:12,657 [INFO] Checking Nvidia (HYD) [own]...
2026-07-01 04:50:22,424 [INFO] Checking Qualcomm (HYD) [own]...
2026-07-01 04:50:31,766 [INFO] Checking AMD (HYD) [own]...
2026-07-01 04:50:40,662 [INFO] Checking Intel (HYD) [workday]...
2026-07-01 04:50:49,942 [INFO] Checking Micron Technology (HYD) [eightfold]...
2026-07-01 04:51:00,596 [INFO] Checking Silicon Labs (HYD) [workday]...
2026-07-01 04:51:09,730 [INFO] Checking Salesforce (HYD) [own]...
2026-07-01 04:51:15,442 [INFO] Checking ServiceNow (HYD) [own]...
2026-07-01 04:51:46,646 [INFO] Checking Atlassian (HYD) [own]...
2026-07-01 04:51:54,490 [INFO] Checking Adobe (HYD) [workday]...
2026-07-01 04:52:04,288 [INFO] Checking Oracle (HYD) [own]...
2026-07-01 04:52:14,076 [INFO] Checking SAP (HYD) [own]...
2026-07-01 04:52:47,538 [INFO] Checking VMware/Broadcom (HYD) [own]...
2026-07-01 04:52:48,647 [WARNING] HTML scrape error for VMware/Broadcom: Page.goto: net::ERR_NAME_NOT_RESOLVED at https://careers.broadcom.com/jobs?q=security+cybersecurity&location=Hyderabad%2C+Telangana%2C+India
Call log:
  - navigating to "https://careers.broadcom.com/jobs?q=security+cybersecurity&location=Hyderabad%2C+Telangana%2C+India", waiting until "domcontentloaded"

2026-07-01 04:52:50,647 [INFO] Checking Pegasystems (HYD) [own]...
2026-07-01 04:53:22,154 [INFO] Checking Zoho (HYD) [own]...
2026-07-01 04:53:35,431 [INFO] Checking Intuit (HYD) [own]...
2026-07-01 04:54:09,519 [INFO] Checking Freshworks (HYD) [own]...
2026-07-01 04:54:17,332 [INFO] Checking Gainsight (HYD) [workday]...
2026-07-01 04:54:24,619 [INFO] Checking GitLab (GLOBAL) [greenhouse]...
2026-07-01 04:54:26,983 [INFO] Checking Palo Alto Networks (HYD) [own]...
2026-07-01 04:54:39,989 [INFO] Checking CrowdStrike (HYD) [workday]...
2026-07-01 04:54:48,654 [INFO] Checking Zscaler (HYD) [own]...
2026-07-01 04:54:56,662 [INFO] Checking SentinelOne (HYD) [own]...
2026-07-01 04:55:05,994 [INFO] Checking Sophos (HYD) [own]...
2026-07-01 04:55:12,872 [INFO] Checking Akamai (HYD) [own]...
2026-07-01 04:55:18,670 [INFO] Checking Cisco (HYD) [own]...
2026-07-01 04:55:30,964 [INFO] Checking Splunk (HYD) [own]...
2026-07-01 04:55:42,428 [INFO] Checking F5 (HYD) [own]...
2026-07-01 04:56:14,047 [INFO] Checking Snowflake (HYD) [own]...
2026-07-01 04:56:47,056 [INFO] Checking Rubrik (HYD) [own]...
2026-07-01 04:56:52,779 [INFO] Checking DigitalOcean (HYD) [own]...
2026-07-01 04:57:23,846 [INFO] Checking Nutanix (HYD) [own]...
2026-07-01 04:57:30,330 [INFO] Checking Goldman Sachs (HYD) [own]...
2026-07-01 04:57:38,447 [INFO] Checking JPMorgan (HYD) [own]...
2026-07-01 04:57:47,297 [INFO] Checking Morgan Stanley (GLOBAL) [eightfold]...
2026-07-01 04:58:33,355 [WARNING] HTML scrape error for Morgan Stanley: Page.goto: Timeout 20000ms exceeded.
Call log:
  - navigating to "https://morganstanley.eightfold.ai/careers?source=mscom&query=security&start=0&sort_by=relevance&filter_city=Mumbai%2CBengaluru", waiting until "domcontentloaded"

2026-07-01 04:58:35,355 [INFO] Checking HSBC (HYD) [own]...
2026-07-01 04:58:46,733 [INFO] Checking Wells Fargo (HYD) [own]...
2026-07-01 04:58:53,273 [INFO] Checking Vanguard (HYD) [own]...
2026-07-01 04:59:03,239 [INFO] Checking Invesco (HYD) [workday]...
2026-07-01 04:59:12,123 [INFO] Checking FactSet (HYD) [own]...
2026-07-01 04:59:43,708 [INFO] Checking State Street (HYD) [own]...
2026-07-01 04:59:54,879 [INFO] Checking Synchrony (HYD) [own]...
2026-07-01 05:00:40,919 [WARNING] HTML scrape error for Synchrony: Page.goto: Timeout 20000ms exceeded.
Call log:
  - navigating to "https://www.synchrony.com/careers/job-search.html?q=security&location=Hyderabad", waiting until "domcontentloaded"

2026-07-01 05:00:42,919 [INFO] Checking Broadridge (HYD) [own]...
2026-07-01 05:00:52,029 [INFO] Checking Stripe (HYD) [own]...
2026-07-01 05:01:00,574 [INFO] Checking LSEG (HYD) [workday]...
2026-07-01 05:01:11,497 [INFO] Checking Tide (HYD) [greenhouse]...
2026-07-01 05:01:13,764 [INFO] Checking IBM (HYD) [own]...
2026-07-01 05:01:46,095 [INFO] Checking Wipro (HYD) [own]...
2026-07-01 05:01:54,598 [INFO] Checking Infosys (HYD) [own]...
2026-07-01 05:02:09,503 [INFO] Checking TCS (HYD) [own]...
2026-07-01 05:02:15,456 [INFO] Checking HCLTech (HYD) [own]...
2026-07-01 05:03:01,515 [WARNING] HTML scrape error for HCLTech: Page.goto: Timeout 20000ms exceeded.
Call log:
  - navigating to "https://www.hcltech.com/careers/job-search?keyword=security&location=Hyderabad", waiting until "domcontentloaded"

2026-07-01 05:03:03,516 [INFO] Checking Accenture (HYD) [own]...
2026-07-01 05:03:13,862 [INFO] Checking Capgemini (HYD) [own]...
2026-07-01 05:03:46,121 [INFO] Checking Deloitte (HYD) [own]...
2026-07-01 05:03:56,451 [INFO] Checking NTT (HYD) [own]...
2026-07-01 05:04:08,109 [INFO] Checking EPAM (HYD) [own]...
2026-07-01 05:04:38,910 [INFO] Checking Accolite (HYD) [own]...
2026-07-01 05:04:50,299 [INFO] Checking Darwinbox (HYD) [own]...
2026-07-01 05:05:19,892 [INFO] Checking AT&T (HYD) [own]...
2026-07-01 05:05:30,695 [INFO] Checking GoDaddy (HYD) [own]...
2026-07-01 05:05:40,434 [INFO] Checking Walmart (HYD) [own]...
2026-07-01 05:05:51,351 [INFO] Checking Costco (HYD) [own]...
2026-07-01 05:05:59,587 [INFO] Checking Flipkart (HYD) [own]...
2026-07-01 05:06:07,811 [INFO] Checking PepsiCo (HYD) [own]...
2026-07-01 05:06:17,888 [INFO] Checking McDonald's (HYD) [own]...
2026-07-01 05:06:28,494 [INFO] Checking Honeywell (HYD) [own]...
2026-07-01 05:07:14,536 [WARNING] HTML scrape error for Honeywell: Page.goto: Timeout 20000ms exceeded.
Call log:
  - navigating to "https://careers.honeywell.com/en/sites/Honeywell/jobs?keyword=security&location=Hyderabad%2C+Telangana%2C+India&locationId=100000013406729&locationLevel=city&mode=location&radius=25&radiusUnit=MI", waiting until "domcontentloaded"

2026-07-01 05:07:16,536 [INFO] Checking Bosch (HYD) [own]...
2026-07-01 05:07:24,683 [INFO] Checking ABB (GLOBAL) [own]...
2026-07-01 05:08:10,727 [WARNING] HTML scrape error for ABB: Page.goto: Timeout 20000ms exceeded.
Call log:
  - navigating to "https://new.abb.com/jobs/search?q=security&location=India", waiting until "domcontentloaded"

2026-07-01 05:08:12,727 [INFO] Checking Uber (HYD) [own]...
2026-07-01 05:08:20,981 [INFO] Checking FedEx (HYD) [own]...
2026-07-01 05:08:27,210 [INFO] Checking Blackbaud (GLOBAL) [own]...
2026-07-01 05:08:39,347 [INFO] Checking Eli Lilly (HYD) [own]...
2026-07-01 05:08:49,347 [INFO] Checking Novartis (HYD) [own]...
2026-07-01 05:08:57,984 [INFO] Checking WBD (HYD) [own]...
2026-07-01 05:09:07,301 [INFO] Checking Providence (HYD) [own]...
2026-07-01 05:09:08,616 [WARNING] HTML scrape error for Providence: Page.goto: net::ERR_NAME_NOT_RESOLVED at https://jobs.providence.org/search-jobs/security/india
Call log:
  - navigating to "https://jobs.providence.org/search-jobs/security/india", waiting until "domcontentloaded"

2026-07-01 05:09:10,617 [INFO] Checking Electronic Arts (HYD) [own]...
2026-07-01 05:09:19,058 [INFO] Checking Straive (HYD) [own]...
2026-07-01 05:09:29,860 [INFO] Checking Bank of America (HYD) [own]...
2026-07-01 05:09:39,383 [INFO] Checking Barclays (HYD) [own]...
2026-07-01 05:09:49,264 [INFO] Checking BNY Mellon (HYD) [workday]...
2026-07-01 05:09:58,571 [INFO] Checking Citi (HYD) [own]...
2026-07-01 05:10:08,697 [INFO] Checking UBS (HYD) [own]...
2026-07-01 05:10:14,690 [INFO] Checking US Bank (HYD) [own]...
2026-07-01 05:10:25,799 [INFO] Checking Franklin Templeton (HYD) [own]...
2026-07-01 05:10:27,017 [WARNING] HTML scrape error for Franklin Templeton: Page.goto: net::ERR_NAME_NOT_RESOLVED at https://careers.franklintempleton.com/global/en/search-results?keywords=security&location=Hyderabad
Call log:
  - navigating to "https://careers.franklintempleton.com/global/en/search-results?keywords=security&location=Hyderabad", waiting until "domcontentloaded"

2026-07-01 05:10:29,017 [INFO] Checking Fiserv (HYD) [workday]...
2026-07-01 05:10:35,921 [INFO] Checking Charles Schwab (HYD) [own]...
2026-07-01 05:10:46,119 [INFO] Checking DBS Bank (HYD) [own]...
2026-07-01 05:10:57,514 [INFO] Checking Lloyds Banking Group (HYD) [own]...
2026-07-01 05:10:58,718 [WARNING] HTML scrape error for Lloyds Banking Group: Page.goto: net::ERR_NAME_NOT_RESOLVED at https://lloydsbankinggroupcareers.com/search/?q=security&l=Hyderabad
Call log:
  - navigating to "https://lloydsbankinggroupcareers.com/search/?q=security&l=Hyderabad", waiting until "domcontentloaded"

2026-07-01 05:11:00,718 [INFO] Checking MetLife (HYD) [own]...
2026-07-01 05:11:01,916 [WARNING] HTML scrape error for MetLife: Page.goto: net::ERR_NAME_NOT_RESOLVED at https://careers.metlife.com/global/en/search-results?keywords=security&location=Hyderabad%2C+Telangana%2C+India
Call log:
  - navigating to "https://careers.metlife.com/global/en/search-results?keywords=security&location=Hyderabad%2C+Telangana%2C+India", waiting until "domcontentloaded"

2026-07-01 05:11:03,917 [INFO] Checking Moody's (HYD) [own]...
2026-07-01 05:11:14,276 [INFO] Checking S&P Global (HYD) [own]...
2026-07-01 05:11:23,464 [INFO] Checking Voya Financial (HYD) [workday]...
2026-07-01 05:11:30,357 [INFO] Checking Nationwide (HYD) [own]...
2026-07-01 05:11:32,277 [WARNING] HTML scrape error for Nationwide: Page.goto: net::ERR_NAME_NOT_RESOLVED at https://nationwide.jobs/hyderabad-in/jobs/?q=security
Call log:
  - navigating to "https://nationwide.jobs/hyderabad-in/jobs/?q=security", waiting until "domcontentloaded"

2026-07-01 05:11:34,277 [INFO] Checking LPL Financial (HYD) [own]...
2026-07-01 05:11:45,397 [INFO] Checking Dell Technologies (HYD) [own]...
2026-07-01 05:11:51,548 [INFO] Checking Texas Instruments (HYD) [own]...
2026-07-01 05:11:57,664 [INFO] Checking Persistent Systems (HYD) [own]...
2026-07-01 05:12:08,472 [INFO] Checking Hexaware Technologies (HYD) [own]...
2026-07-01 05:12:14,302 [INFO] Checking OpenText (HYD) [own]...
2026-07-01 05:12:23,260 [INFO] Checking Red Hat (HYD) [own]...
2026-07-01 05:12:54,926 [INFO] Checking UiPath (HYD) [greenhouse]...
2026-07-01 05:12:55,164 [WARNING] Greenhouse error for UiPath: 404 Client Error: Not Found for url: https://boards-api.greenhouse.io/v1/boards/uipath/jobs?content=true
2026-07-01 05:12:57,165 [INFO] Checking Garmin (HYD) [own]...
2026-07-01 05:13:06,154 [INFO] Checking Ericsson (HYD) [own]...
2026-07-01 05:13:16,816 [INFO] Checking Verizon (HYD) [workday]...
2026-07-01 05:13:23,611 [INFO] Checking T-Mobile (HYD) [own]...
2026-07-01 05:13:29,460 [INFO] Checking Western Union (HYD) [own]...
2026-07-01 05:14:03,153 [INFO] Checking Optum (UnitedHealth Group) (HYD) [own]...
2026-07-01 05:14:37,078 [INFO] Checking Elevance Health/Carelon (HYD) [workday]...
2026-07-01 05:14:44,010 [INFO] Checking Thermo Fisher Scientific (HYD) [own]...
2026-07-01 05:14:54,636 [INFO] Checking Johnson & Johnson (HYD) [own]...
2026-07-01 05:15:02,976 [INFO] Checking Medtronic (HYD) [own]...
2026-07-01 05:15:04,210 [WARNING] HTML scrape error for Medtronic: Page.goto: net::ERR_CERT_COMMON_NAME_INVALID at https://jobs.medtronic.com/jobs?keywords=security&location=Hyderabad%2C+Telangana%2C+India
Call log:
  - navigating to "https://jobs.medtronic.com/jobs?keywords=security&location=Hyderabad%2C+Telangana%2C+India", waiting until "domcontentloaded"

2026-07-01 05:15:06,210 [INFO] Checking Philips (HYD) [own]...
2026-07-01 05:15:52,243 [WARNING] HTML scrape error for Philips: Page.goto: Timeout 20000ms exceeded.
Call log:
  - navigating to "https://careers.philips.com/global/en/search-results?keywords=security&location=Hyderabad%2C+Telangana%2C+India", waiting until "domcontentloaded"

2026-07-01 05:15:54,243 [INFO] Checking Roche (HYD) [own]...
2026-07-01 05:16:04,894 [INFO] Checking Sanofi (HYD) [own]...
2026-07-01 05:16:12,150 [INFO] Checking Nike (HYD) [own]...
2026-07-01 05:16:22,829 [INFO] Checking Boeing (HYD) [own]...
2026-07-01 05:16:30,627 [INFO] Checking Siemens (HYD) [own]...
2026-07-01 05:16:42,942 [INFO] Checking Schneider Electric (HYD) [own]...
2026-07-01 05:16:50,401 [INFO] Found 260 new jobs across 54 companies
2026-07-01 05:16:51,267 [ERROR] Email failed: (534, b'5.7.9 Application-specific password required. For more information, go to\n5.7.9  https://support.google.com/mail/?p=InvalidSecondFactor a92af1059eb24-13b2a9b425asm19234006c88.0 - gsmtp')
2026-07-01 05:16:51,268 [INFO] Scan complete.
